<?xml version="1.0" encoding="UTF-8"?>
<!-- Generated by org.testng.reporters.JUnitXMLReporter -->
<testsuite ignored="1" hostname="DESKTOP-NV6E2NO" failures="0" tests="1" name="Default test" time="15.844" errors="0" timestamp="11 Aug 2022 18:40:37 GMT">
  <testcase classname="com.qa.fb.keyword.login.LoginTest" name="signUpTest" time="15.808"/>
  <testcase classname="com.qa.fb.keyword.login.LoginTest" name="loginTest" time="0.0">
    <ignored/>
  </testcase> <!-- loginTest -->
</testsuite> <!-- Default test -->
