<?xml version="1.0" encoding="UTF-8"?>
<testng-results ignored="1" total="2" passed="1" failed="0" skipped="0">
  <reporter-output>
  </reporter-output>
  <suite started-at="2022-08-11T18:40:21Z" name="Default suite" finished-at="2022-08-11T18:40:37Z" duration-ms="15844">
    <groups>
    </groups>
    <test started-at="2022-08-11T18:40:21Z" name="Default test" finished-at="2022-08-11T18:40:37Z" duration-ms="15844">
      <class name="com.qa.fb.keyword.login.LoginTest">
        <test-method signature="signUpTest()[pri:0, instance:com.qa.fb.keyword.login.LoginTest@75d3a5e0]" started-at="2022-08-11T18:40:21Z" name="signUpTest" finished-at="2022-08-11T18:40:37Z" duration-ms="15808" status="PASS">
          <reporter-output>
          </reporter-output>
        </test-method> <!-- signUpTest -->
      </class> <!-- com.qa.fb.keyword.login.LoginTest -->
    </test> <!-- Default test -->
  </suite> <!-- Default suite -->
</testng-results>
